Added Component: Designator=C1(CAP ALUM 6.6MM)
Add component (AddParameter): Name = "+Sicaklik"; Value = "+105"; VariantName = "[No Variations]"
Add component (AddParameter): Name = "-Sicaklik"; Value = "-40"; VariantName = "[No Variations]"
Add component (AddParameter): Name = "Cins"; Value = "Kondansator"; VariantName = "[No Variations]"
Add component (AddParameter): Name = "Deger"; Value = "220uF 16V"; VariantName = "[No Variations]"
Add component (AddParameter): Name = "Epoksi Bilgisi"; Value = "VAR"; VariantName = "[No Variations]"
Add component (AddParameter): Name = "Kaplama Bilgisi"; Value = "UYGUN"; VariantName = "[No Variations]"
Add component (AddParameter): Name = "Kilif"; Value = "6.60mm x 6.60mm"; VariantName = "[No Variations]"
Add component (AddParameter): Name = "Lehim Yöntemi"; Value = "SMD"; VariantName = "[No Variations]"
Add component (AddParameter): Name = "MSL"; Value = "1 (Unlimited)"; VariantName = "[No Variations]"
Add component (AddParameter): Name = "Nero Kodu"; Value = "NE-S-00400"; VariantName = "[No Variations]"
Add component (AddParameter): Name = "Uretici Kodu"; Value = "EEE-HA1C101WP"; VariantName = "[No Variations]"
Add component (AddParameter): Name = "Yikama Bilgisi"; Value = "UYGUN"; VariantName = "[No Variations]"
Added Component: Designator=C2(CAP ALUM 6.6MM)
Add component (AddParameter): Name = "+Sicaklik"; Value = "+105"; VariantName = "[No Variations]"
Add component (AddParameter): Name = "-Sicaklik"; Value = "-40"; VariantName = "[No Variations]"
Add component (AddParameter): Name = "Cins"; Value = "Kondansator"; VariantName = "[No Variations]"
Add component (AddParameter): Name = "Deger"; Value = "220uF 16V"; VariantName = "[No Variations]"
Add component (AddParameter): Name = "Epoksi Bilgisi"; Value = "VAR"; VariantName = "[No Variations]"
Add component (AddParameter): Name = "Kaplama Bilgisi"; Value = "UYGUN"; VariantName = "[No Variations]"
Add component (AddParameter): Name = "Kilif"; Value = "6.60mm x 6.60mm"; VariantName = "[No Variations]"
Add component (AddParameter): Name = "Lehim Yöntemi"; Value = "SMD"; VariantName = "[No Variations]"
Add component (AddParameter): Name = "MSL"; Value = "1 (Unlimited)"; VariantName = "[No Variations]"
Add component (AddParameter): Name = "Nero Kodu"; Value = "NE-S-00400"; VariantName = "[No Variations]"
Add component (AddParameter): Name = "Uretici Kodu"; Value = "EEE-HA1C101WP"; VariantName = "[No Variations]"
Add component (AddParameter): Name = "Yikama Bilgisi"; Value = "UYGUN"; VariantName = "[No Variations]"
Added Component: Designator=D1(DO214AC SMA)
Add component (AddParameter): Name = "+Sicaklik"; Value = "+150"; VariantName = "[No Variations]"
Add component (AddParameter): Name = "-Sicaklik"; Value = "-55"; VariantName = "[No Variations]"
Add component (AddParameter): Name = "Cins"; Value = "Diyot"; VariantName = "[No Variations]"
Add component (AddParameter): Name = "ComponentLink1Description"; Value = "https://www.digikey.com/product-detail/en/littelfuse-inc/SMAJ5.0A/SMAJ5.0ALFTR-ND/762250"; VariantName = "[No Variations]"
Add component (AddParameter): Name = "ComponentLink1URL"; Value = ""; VariantName = "[No Variations]"
Add component (AddParameter): Name = "Deger"; Value = "SMAJ5.0A"; VariantName = "[No Variations]"
Add component (AddParameter): Name = "Epoksi Bilgisi"; Value = "YOK"; VariantName = "[No Variations]"
Add component (AddParameter): Name = "Kaplama Bilgisi"; Value = "UYGUN"; VariantName = "[No Variations]"
Add component (AddParameter): Name = "Kilif"; Value = "DO-214AC"; VariantName = "[No Variations]"
Add component (AddParameter): Name = "Lehim Yöntemi"; Value = "SMD"; VariantName = "[No Variations]"
Add component (AddParameter): Name = "MSL"; Value = "1 (Unlimited)"; VariantName = "[No Variations]"
Add component (AddParameter): Name = "Nero Kodu"; Value = "NE-S-00888"; VariantName = "[No Variations]"
Add component (AddParameter): Name = "Uretici Kodu"; Value = "SMAJ5.0A"; VariantName = "[No Variations]"
Add component (AddParameter): Name = "Yikama Bilgisi"; Value = "UYGUN"; VariantName = "[No Variations]"
Added Component: Designator=J1(694106301002)
Add component (AddParameter): Name = "ComponentLink1Description"; Value = "Manufacturer"; VariantName = "[No Variations]"
Add component (AddParameter): Name = "ComponentLink1URL"; Value = "http://www.we-online.de"; VariantName = "[No Variations]"
Add component (AddParameter): Name = "ComponentLink2Description"; Value = "Datasheet"; VariantName = "[No Variations]"
Add component (AddParameter): Name = "ComponentLink2URL"; Value = "http://katalog.we-online.de/em/datasheet/6941xx301002.pdf"; VariantName = "[No Variations]"
Add component (AddParameter): Name = "Gender"; Value = "Male"; VariantName = "[No Variations]"
Add component (AddParameter): Name = "Mounting Technology"; Value = "THT"; VariantName = "[No Variations]"
Add component (AddParameter): Name = "Opening Diameter"; Value = "6.4 mm"; VariantName = "[No Variations]"
Add component (AddParameter): Name = "Operating Temperature"; Value = "-40 to 85 degC"; VariantName = "[No Variations]"
Add component (AddParameter): Name = "Orientation"; Value = "Right Angled"; VariantName = "[No Variations]"
Add component (AddParameter): Name = "Packaging"; Value = "Bag"; VariantName = "[No Variations]"
Add component (AddParameter): Name = "Part Number"; Value = "694106301002"; VariantName = "[No Variations]"
Add component (AddParameter): Name = "Plug Inner Diameter"; Value = "2.05 mm"; VariantName = "[No Variations]"
Add component (AddParameter): Name = "Plug Outer Diameter"; Value = "5.5 mm"; VariantName = "[No Variations]"
Add component (AddParameter): Name = "Published Date"; Value = "August 2018"; VariantName = "[No Variations]"
Add component (AddParameter): Name = "Publisher"; Value = "Wurth Elektronik"; VariantName = "[No Variations]"
Add component (AddParameter): Name = "Rated Current"; Value = "5 A"; VariantName = "[No Variations]"
Add component (AddParameter): Name = "Working Voltage"; Value = "24 V"; VariantName = "[No Variations]"
Added Component: Designator=J2(HDR2X25)
Add component (AddParameter): Name = "LatestRevisionDate"; Value = "17-Jul-2002"; VariantName = "[No Variations]"
Add component (AddParameter): Name = "LatestRevisionNote"; Value = "Re-released for DXP Platform."; VariantName = "[No Variations]"
Add component (AddParameter): Name = "Publisher"; Value = "Altium Limited"; VariantName = "[No Variations]"
Added Component: Designator=J3(HDR2X25)
Add component (AddParameter): Name = "LatestRevisionDate"; Value = "17-Jul-2002"; VariantName = "[No Variations]"
Add component (AddParameter): Name = "LatestRevisionNote"; Value = "Re-released for DXP Platform."; VariantName = "[No Variations]"
Add component (AddParameter): Name = "Publisher"; Value = "Altium Limited"; VariantName = "[No Variations]"
Added Component: Designator=J4(HDR1X9)
Add component (AddParameter): Name = "LatestRevisionDate"; Value = "17-Jul-2002"; VariantName = "[No Variations]"
Add component (AddParameter): Name = "LatestRevisionNote"; Value = "Re-released for DXP Platform."; VariantName = "[No Variations]"
Add component (AddParameter): Name = "Publisher"; Value = "Altium Limited"; VariantName = "[No Variations]"
Added Component: Designator=J5(HDR1X6H)
Add component (AddParameter): Name = "LatestRevisionDate"; Value = "17-Jul-2002"; VariantName = "[No Variations]"
Add component (AddParameter): Name = "LatestRevisionNote"; Value = "Re-released for DXP Platform."; VariantName = "[No Variations]"
Add component (AddParameter): Name = "Publisher"; Value = "Altium Limited"; VariantName = "[No Variations]"
Added Component: Designator=J6(HDR1X4H)
Add component (AddParameter): Name = "LatestRevisionDate"; Value = "17-Jul-2002"; VariantName = "[No Variations]"
Add component (AddParameter): Name = "LatestRevisionNote"; Value = "Re-released for DXP Platform."; VariantName = "[No Variations]"
Add component (AddParameter): Name = "Publisher"; Value = "Altium Limited"; VariantName = "[No Variations]"
Added Component: Designator=J7(HDR1X3H)
Add component (AddParameter): Name = "LatestRevisionDate"; Value = "17-Jul-2002"; VariantName = "[No Variations]"
Add component (AddParameter): Name = "LatestRevisionNote"; Value = "Re-released for DXP Platform."; VariantName = "[No Variations]"
Add component (AddParameter): Name = "Publisher"; Value = "Altium Limited"; VariantName = "[No Variations]"
Added Component: Designator=J8(HDR1X3H)
Add component (AddParameter): Name = "LatestRevisionDate"; Value = "17-Jul-2002"; VariantName = "[No Variations]"
Add component (AddParameter): Name = "LatestRevisionNote"; Value = "Re-released for DXP Platform."; VariantName = "[No Variations]"
Add component (AddParameter): Name = "Publisher"; Value = "Altium Limited"; VariantName = "[No Variations]"
Added Component: Designator=J9(HDR1X3H)
Add component (AddParameter): Name = "LatestRevisionDate"; Value = "17-Jul-2002"; VariantName = "[No Variations]"
Add component (AddParameter): Name = "LatestRevisionNote"; Value = "Re-released for DXP Platform."; VariantName = "[No Variations]"
Add component (AddParameter): Name = "Publisher"; Value = "Altium Limited"; VariantName = "[No Variations]"
Added Component: Designator=J10(HDR1X3H)
Add component (AddParameter): Name = "LatestRevisionDate"; Value = "17-Jul-2002"; VariantName = "[No Variations]"
Add component (AddParameter): Name = "LatestRevisionNote"; Value = "Re-released for DXP Platform."; VariantName = "[No Variations]"
Add component (AddParameter): Name = "Publisher"; Value = "Altium Limited"; VariantName = "[No Variations]"
Added Component: Designator=U1(TO-263-6)
Add component (AddParameter): Name = "+Sicaklik"; Value = "+125"; VariantName = "[No Variations]"
Add component (AddParameter): Name = "-Sicaklik"; Value = "-40"; VariantName = "[No Variations]"
Add component (AddParameter): Name = "Cins"; Value = "IC"; VariantName = "[No Variations]"
Add component (AddParameter): Name = "Deger"; Value = "LM2576HVS-5.0"; VariantName = "[No Variations]"
Add component (AddParameter): Name = "Epoksi Bilgisi"; Value = "YOK"; VariantName = "[No Variations]"
Add component (AddParameter): Name = "Kaplama Bilgisi"; Value = "UYGUN"; VariantName = "[No Variations]"
Add component (AddParameter): Name = "Kilif"; Value = "D2PAK-3"; VariantName = "[No Variations]"
Add component (AddParameter): Name = "Lehim YöntemiLehim Yönetmi"; Value = "SMD"; VariantName = "[No Variations]"
Add component (AddParameter): Name = "MSL"; Value = "1 (Unlimited)"; VariantName = "[No Variations]"
Add component (AddParameter): Name = "Nero Kodu"; Value = ""; VariantName = "[No Variations]"
Add component (AddParameter): Name = "Uretici Kodu"; Value = "LM2576HVS-5.0"; VariantName = "[No Variations]"
Add component (AddParameter): Name = "Yikama Bilgisi"; Value = "UYGUN"; VariantName = "[No Variations]"
Added Pin To Net: NetName=GND Pin=C1-2
Added Pin To Net: NetName=GND Pin=C2-2
Added Pin To Net: NetName=GND Pin=D1-1
Added Pin To Net: NetName=GND Pin=J1-2
Added Pin To Net: NetName=GND Pin=J1-3
Added Pin To Net: NetName=GND Pin=J2-1
Added Pin To Net: NetName=GND Pin=J2-2
Added Pin To Net: NetName=GND Pin=J2-23
Added Pin To Net: NetName=GND Pin=J2-49
Added Pin To Net: NetName=GND Pin=J2-50
Added Pin To Net: NetName=GND Pin=J3-1
Added Pin To Net: NetName=GND Pin=J3-2
Added Pin To Net: NetName=GND Pin=J3-49
Added Pin To Net: NetName=GND Pin=J3-50
Added Pin To Net: NetName=GND Pin=J4-3
Added Pin To Net: NetName=GND Pin=J5-6
Added Pin To Net: NetName=GND Pin=J6-4
Added Pin To Net: NetName=GND Pin=J7-3
Added Pin To Net: NetName=GND Pin=J8-3
Added Pin To Net: NetName=GND Pin=J9-3
Added Pin To Net: NetName=GND Pin=J10-3
Added Pin To Net: NetName=GND Pin=U1-3
Added Pin To Net: NetName=GND Pin=U1-5
Added Net: Name=GND
Added Pin To Net: NetName=NetC1_1 Pin=C1-1
Added Pin To Net: NetName=NetC1_1 Pin=J1-1
Added Pin To Net: NetName=NetC1_1 Pin=U1-1
Added Net: Name=NetC1_1
Added Pin To Net: NetName=NetC2_1 Pin=C2-1
Added Pin To Net: NetName=NetC2_1 Pin=D1-2
Added Pin To Net: NetName=NetC2_1 Pin=J3-3
Added Pin To Net: NetName=NetC2_1 Pin=J3-4
Added Pin To Net: NetName=NetC2_1 Pin=J5-1
Added Pin To Net: NetName=NetC2_1 Pin=J6-1
Added Pin To Net: NetName=NetC2_1 Pin=U1-2
Added Pin To Net: NetName=NetC2_1 Pin=U1-4
Added Pin To Net: NetName=NetC2_1 Pin=U1-6
Added Net: Name=NetC2_1
Added Pin To Net: NetName=NetJ2_11 Pin=J2-11
Added Pin To Net: NetName=NetJ2_11 Pin=J5-3
Added Net: Name=NetJ2_11
Added Pin To Net: NetName=NetJ2_13 Pin=J2-13
Added Pin To Net: NetName=NetJ2_13 Pin=J5-5
Added Net: Name=NetJ2_13
Added Pin To Net: NetName=NetJ2_14 Pin=J2-14
Added Pin To Net: NetName=NetJ2_14 Pin=J5-4
Added Net: Name=NetJ2_14
Added Pin To Net: NetName=NetJ2_15 Pin=J2-15
Added Pin To Net: NetName=NetJ2_15 Pin=J5-2
Added Net: Name=NetJ2_15
Added Pin To Net: NetName=NetJ3_5 Pin=J3-5
Added Pin To Net: NetName=NetJ3_5 Pin=J3-6
Added Pin To Net: NetName=NetJ3_5 Pin=J4-1
Added Net: Name=NetJ3_5
Added Pin To Net: NetName=NetJ3_23 Pin=J3-23
Added Pin To Net: NetName=NetJ3_23 Pin=J4-9
Added Net: Name=NetJ3_23
Added Pin To Net: NetName=NetJ3_24 Pin=J3-24
Added Pin To Net: NetName=NetJ3_24 Pin=J4-8
Added Net: Name=NetJ3_24
Added Pin To Net: NetName=NetJ3_37 Pin=J3-37
Added Pin To Net: NetName=NetJ3_37 Pin=J6-2
Added Net: Name=NetJ3_37
Added Pin To Net: NetName=NetJ3_38 Pin=J3-38
Added Pin To Net: NetName=NetJ3_38 Pin=J6-3
Added Net: Name=NetJ3_38
Added Pin To Net: NetName=NetJ3_45 Pin=J3-45
Added Pin To Net: NetName=NetJ3_45 Pin=J9-1
Added Net: Name=NetJ3_45
Added Pin To Net: NetName=NetJ3_46 Pin=J3-46
Added Pin To Net: NetName=NetJ3_46 Pin=J10-1
Added Net: Name=NetJ3_46
Added Pin To Net: NetName=NetJ3_47 Pin=J3-47
Added Pin To Net: NetName=NetJ3_47 Pin=J7-1
Added Net: Name=NetJ3_47
Added Pin To Net: NetName=NetJ3_48 Pin=J3-48
Added Pin To Net: NetName=NetJ3_48 Pin=J8-1
Added Net: Name=NetJ3_48
Added Pin To Net: NetName=NetJ4_2 Pin=J4-2
Added Pin To Net: NetName=NetJ4_2 Pin=J4-4
Added Pin To Net: NetName=NetJ4_2 Pin=J4-5
Added Pin To Net: NetName=NetJ4_2 Pin=J4-6
Added Pin To Net: NetName=NetJ4_2 Pin=J4-7
Added Pin To Net: NetName=NetJ4_2 Pin=J7-2
Added Pin To Net: NetName=NetJ4_2 Pin=J8-2
Added Pin To Net: NetName=NetJ4_2 Pin=J9-2
Added Pin To Net: NetName=NetJ4_2 Pin=J10-2
Added Net: Name=NetJ4_2
Added Class: Name=Board
Added Room: Name=Board
